#
# There is insufficient memory for the Java Runtime Environment to continue.
# Native memory allocation (malloc) failed to allocate 706896 bytes for Chunk::new
# Possible reasons:
#   The system is out of physical RAM or swap space
#   In 32 bit mode, the process size limit was hit
# Possible solutions:
#   Reduce memory load on the system
#   Increase physical memory or swap space
#   Check if swap backing store is full
#   Use 64 bit Java on a 64 bit OS
#   Decrease Java heap size (-Xmx/-Xms)
#   Decrease number of Java threads
#   Decrease Java thread stack sizes (-Xss)
#   Set larger code cache with -XX:ReservedCodeCacheSize=
# This output file may be truncated or incomplete.
#
#  Out of Memory Error (allocation.cpp:390), pid=10296, tid=0x00000000000028d0
#
# JRE version: OpenJDK Runtime Environment (8.0_152-b02) (build 1.8.0_152-release-1024-b02)
# Java VM: OpenJDK 64-Bit Server VM (25.152-b02 mixed mode windows-amd64 compressed oops)
# Failed to write core dump. Minidumps are not enabled by default on client versions of Windows
#

---------------  T H R E A D  ---------------

Current thread (0x0000000019322800):  JavaThread "C2 CompilerThread1" daemon [_thread_in_native, id=10448, stack(0x0000000019af0000,0x0000000019bf0000)]

Stack: [0x0000000019af0000,0x0000000019bf0000]
[error occurred during error reporting (printing stack bounds), id 0xc0000005]

Native frames: (J=compiled Java code, j=interpreted, Vv=VM code, C=native code)


Current CompileTask:
C2:   4217 2779       4       groovy.lang.MetaClassImpl$1MOPIter::methodNameAction (479 bytes)


---------------  P R O C E S S  ---------------

Java Threads: ( => current thread )
  0x000000001b147000 JavaThread "File lock request listener" [_thread_in_native, id=10292, stack(0x000000001c870000,0x000000001c970000)]
  0x000000001b3b3000 JavaThread "Cache worker for file hash cache (C:\Users\Yang\.gradle\caches\4.4.1\fileHashes)" [_thread_blocked, id=9460, stack(0x000000001c770000,0x000000001c870000)]
  0x000000001b260000 JavaThread "Asynchronous log dispatcher for DefaultDaemonConnection: socket connection from /127.0.0.1:56041 to /127.0.0.1:56042" [_thread_blocked, id=11548, stack(0x000000001c270000,0x000000001c370000)]
  0x000000001b25e800 JavaThread "Daemon worker" [_thread_in_native, id=10792, stack(0x000000001c170000,0x000000001c270000)]
  0x000000001b269000 JavaThread "Cancel handler" [_thread_blocked, id=1504, stack(0x000000001c070000,0x000000001c170000)]
  0x000000001b292000 JavaThread "Handler for socket connection from /127.0.0.1:56041 to /127.0.0.1:56042" [_thread_in_native, id=1780, stack(0x000000001bd70000,0x000000001be70000)]
  0x000000001afd1800 JavaThread "Daemon" [_thread_blocked, id=7848, stack(0x000000001bc70000,0x000000001bd70000)]
  0x000000001b21c800 JavaThread "Daemon periodic checks" [_thread_blocked, id=10048, stack(0x000000001bb70000,0x000000001bc70000)]
  0x000000001ad1b800 JavaThread "Incoming local TCP Connector on port 56041" [_thread_in_native, id=652, stack(0x000000001b9c0000,0x000000001bac0000)]
  0x00000000193b7800 JavaThread "Service Thread" daemon [_thread_blocked, id=12156, stack(0x0000000019df0000,0x0000000019ef0000)]
  0x000000001932b000 JavaThread "C1 CompilerThread3" daemon [_thread_blocked, id=7556, stack(0x0000000019cf0000,0x0000000019df0000)]
  0x0000000019323800 JavaThread "C2 CompilerThread2" daemon [_thread_blocked, id=6128, stack(0x0000000019bf0000,0x0000000019cf0000)]
=>0x0000000019322800 JavaThread "C2 CompilerThread1" daemon [_thread_in_native, id=10448, stack(0x0000000019af0000,0x0000000019bf0000)]
  0x00000000173ab000 JavaThread "C2 CompilerThread0" daemon [_thread_blocked, id=10336, stack(0x00000000199f0000,0x0000000019af0000)]
  0x00000000192cd800 JavaThread "Attach Listener" daemon [_thread_blocked, id=10912, stack(0x00000000198f0000,0x00000000199f0000)]
  0x0000000019320000 JavaThread "Signal Dispatcher" daemon [_thread_blocked, id=1768, stack(0x00000000197f0000,0x00000000198f0000)]
  0x00000000035d9800 JavaThread "Finalizer" daemon [_thread_blocked, id=11612, stack(0x0000000019690000,0x0000000019790000)]
  0x00000000035d6000 JavaThread "Reference Handler" daemon [_thread_blocked, id=11336, stack(0x0000000019190000,0x0000000019290000)]
  0x00000000034e2800 JavaThread "main" [_thread_blocked, id=7016, stack(0x0000000002fd0000,0x00000000030d0000)]

Other Threads:
  0x0000000017397000 VMThread [stack: 0x0000000019090000,0x0000000019190000] [id=9008]
  0x000000001933f000 WatcherThread [stack: 0x0000000019ef0000,0x0000000019ff0000] [id=11308]

VM state:not at safepoint (normal execution)

VM Mutex/Monitor currently owned by a thread: None

Heap:
 PSYoungGen      total 112640K, used 69111K [0x00000000e0000000, 0x00000000e9180000, 0x0000000100000000)
  eden space 104960K, 58% used [0x00000000e0000000,0x00000000e3c3d830,0x00000000e6680000)
  from space 7680K, 96% used [0x00000000e8a00000,0x00000000e9140580,0x00000000e9180000)
  to   space 10240K, 0% used [0x00000000e7d80000,0x00000000e7d80000,0x00000000e8780000)
 ParOldGen       total 57344K, used 7324K [0x00000000a0000000, 0x00000000a3800000, 0x00000000e0000000)
  object space 57344K, 12% used [0x00000000a0000000,0x00000000a07271f8,0x00000000a3800000)
 Metaspace       used 29610K, capacity 30138K, committed 30464K, reserved 1075200K
  class space    used 4143K, capacity 4320K, committed 4352K, reserved 1048576K

Card table byte_map: [0x00000000129a0000,0x0000000012cb0000] byte_map_base: 0x00000000124a0000

Marking Bits: (ParMarkBitMap*) 0x000000006d084970
 Begin Bits: [0x00000000136b0000, 0x0000000014eb0000)
 End Bits:   [0x0000000014eb0000, 0x00000000166b0000)

Polling page: 0x0000000001710000

CodeCache: size=245760Kb used=10154Kb max_used=10154Kb free=235605Kb
 bounds [0x00000000035e0000, 0x0000000003fe0000, 0x00000000125e0000]
 total_blobs=3505 nmethods=2845 adapters=573
 compilation: enabled

Compilation events (10 events):
Event: 4.197 Thread 0x0000000019323800 2838       4       java.util.concurrent.locks.AbstractQueuedSynchronizer::release (33 bytes)
Event: 4.197 Thread 0x000000001932b000 nmethod 2837 0x0000000003fc1690 code [0x0000000003fc1820, 0x0000000003fc1bc8]
Event: 4.198 Thread 0x000000001932b000 2839   !   3       org.gradle.internal.service.DefaultServiceRegistry$ManagedObjectProvider::stop (81 bytes)
Event: 4.199 Thread 0x000000001932b000 nmethod 2839 0x0000000003fcab50 code [0x0000000003fcada0, 0x0000000003fcbca8]
Event: 4.200 Thread 0x00000000173ab000 nmethod 2829 0x0000000003fd1450 code [0x0000000003fd15c0, 0x0000000003fd1e88]
Event: 4.200 Thread 0x00000000173ab000 2840       4       java.util.concurrent.locks.ReentrantLock$NonfairSync::lock (25 bytes)
Event: 4.200 Thread 0x0000000019323800 nmethod 2838 0x0000000003fbc810 code [0x0000000003fbc960, 0x0000000003fbcac8]
Event: 4.203 Thread 0x00000000173ab000 nmethod 2840 0x0000000003fca650 code [0x0000000003fca7c0, 0x0000000003fca948]
Event: 4.207 Thread 0x000000001932b000 2841       3       java.util.HashSet::clear (8 bytes)
Event: 4.207 Thread 0x000000001932b000 nmethod 2841 0x0000000003fc7b10 code [0x0000000003fc7c80, 0x0000000003fc7ea8]

GC Heap History (10 events):
Event: 1.882 GC heap before
{Heap before GC invocations=3 (full 0):
 PSYoungGen      total 37888K, used 37860K [0x00000000e0000000, 0x00000000e2a00000, 0x0000000100000000)
  eden space 32768K, 100% used [0x00000000e0000000,0x00000000e2000000,0x00000000e2000000)
  from space 5120K, 99% used [0x00000000e2500000,0x00000000e29f9218,0x00000000e2a00000)
  to   space 5120K, 0% used [0x00000000e2000000,0x00000000e2000000,0x00000000e2500000)
 ParOldGen       total 86016K, used 1132K [0x00000000a0000000, 0x00000000a5400000, 0x00000000e0000000)
  object space 86016K, 1% used [0x00000000a0000000,0x00000000a011b108,0x00000000a5400000)
 Metaspace       used 15023K, capacity 15394K, committed 15616K, reserved 1062912K
  class space    used 2111K, capacity 2223K, committed 2304K, reserved 1048576K
Event: 1.898 GC heap after
Heap after GC invocations=3 (full 0):
 PSYoungGen      total 37888K, used 5096K [0x00000000e0000000, 0x00000000e4a00000, 0x0000000100000000)
  eden space 32768K, 0% used [0x00000000e0000000,0x00000000e0000000,0x00000000e2000000)
  from space 5120K, 99% used [0x00000000e2000000,0x00000000e24fa080,0x00000000e2500000)
  to   space 5120K, 0% used [0x00000000e4500000,0x00000000e4500000,0x00000000e4a00000)
 ParOldGen       total 86016K, used 3946K [0x00000000a0000000, 0x00000000a5400000, 0x00000000e0000000)
  object space 86016K, 4% used [0x00000000a0000000,0x00000000a03da958,0x00000000a5400000)
 Metaspace       used 15023K, capacity 15394K, committed 15616K, reserved 1062912K
  class space    used 2111K, capacity 2223K, committed 2304K, reserved 1048576K
}
Event: 2.553 GC heap before
{Heap before GC invocations=4 (full 0):
 PSYoungGen      total 37888K, used 37864K [0x00000000e0000000, 0x00000000e4a00000, 0x0000000100000000)
  eden space 32768K, 100% used [0x00000000e0000000,0x00000000e2000000,0x00000000e2000000)
  from space 5120K, 99% used [0x00000000e2000000,0x00000000e24fa080,0x00000000e2500000)
  to   space 5120K, 0% used [0x00000000e4500000,0x00000000e4500000,0x00000000e4a00000)
 ParOldGen       total 86016K, used 3946K [0x00000000a0000000, 0x00000000a5400000, 0x00000000e0000000)
  object space 86016K, 4% used [0x00000000a0000000,0x00000000a03da958,0x00000000a5400000)
 Metaspace       used 18588K, capacity 19068K, committed 19328K, reserved 1064960K
  class space    used 2672K, capacity 2818K, committed 2944K, reserved 1048576K
Event: 2.565 GC heap after
Heap after GC invocations=4 (full 0):
 PSYoungGen      total 70656K, used 5112K [0x00000000e0000000, 0x00000000e4a00000, 0x0000000100000000)
  eden space 65536K, 0% used [0x00000000e0000000,0x00000000e0000000,0x00000000e4000000)
  from space 5120K, 99% used [0x00000000e4500000,0x00000000e49fe080,0x00000000e4a00000)
  to   space 5120K, 0% used [0x00000000e4000000,0x00000000e4000000,0x00000000e4500000)
 ParOldGen       total 86016K, used 8145K [0x00000000a0000000, 0x00000000a5400000, 0x00000000e0000000)
  object space 86016K, 9% used [0x00000000a0000000,0x00000000a07f4630,0x00000000a5400000)
 Metaspace       used 18588K, capacity 19068K, committed 19328K, reserved 1064960K
  class space    used 2672K, capacity 2818K, committed 2944K, reserved 1048576K
}
Event: 2.682 GC heap before
{Heap before GC invocations=5 (full 0):
 PSYoungGen      total 70656K, used 10810K [0x00000000e0000000, 0x00000000e4a00000, 0x0000000100000000)
  eden space 65536K, 8% used [0x00000000e0000000,0x00000000e05909c0,0x00000000e4000000)
  from space 5120K, 99% used [0x00000000e4500000,0x00000000e49fe080,0x00000000e4a00000)
  to   space 5120K, 0% used [0x00000000e4000000,0x00000000e4000000,0x00000000e4500000)
 ParOldGen       total 86016K, used 8145K [0x00000000a0000000, 0x00000000a5400000, 0x00000000e0000000)
  object space 86016K, 9% used [0x00000000a0000000,0x00000000a07f4630,0x00000000a5400000)
 Metaspace       used 20768K, capacity 21212K, committed 21248K, reserved 1067008K
  class space    used 2900K, capacity 3042K, committed 3072K, reserved 1048576K
Event: 2.690 GC heap after
Heap after GC invocations=5 (full 0):
 PSYoungGen      total 70656K, used 5112K [0x00000000e0000000, 0x00000000e9400000, 0x0000000100000000)
  eden space 65536K, 0% used [0x00000000e0000000,0x00000000e0000000,0x00000000e4000000)
  from space 5120K, 99% used [0x00000000e4000000,0x00000000e44fe060,0x00000000e4500000)
  to   space 10240K, 0% used [0x00000000e8a00000,0x00000000e8a00000,0x00000000e9400000)
 ParOldGen       total 86016K, used 9118K [0x00000000a0000000, 0x00000000a5400000, 0x00000000e0000000)
  object space 86016K, 10% used [0x00000000a0000000,0x00000000a08e7930,0x00000000a5400000)
 Metaspace       used 20768K, capacity 21212K, committed 21248K, reserved 1067008K
  class space    used 2900K, capacity 3042K, committed 3072K, reserved 1048576K
}
Event: 2.690 GC heap before
{Heap before GC invocations=6 (full 1):
 PSYoungGen      total 70656K, used 5112K [0x00000000e0000000, 0x00000000e9400000, 0x0000000100000000)
  eden space 65536K, 0% used [0x00000000e0000000,0x00000000e0000000,0x00000000e4000000)
  from space 5120K, 99% used [0x00000000e4000000,0x00000000e44fe060,0x00000000e4500000)
  to   space 10240K, 0% used [0x00000000e8a00000,0x00000000e8a00000,0x00000000e9400000)
 ParOldGen       total 86016K, used 9118K [0x00000000a0000000, 0x00000000a5400000, 0x00000000e0000000)
  object space 86016K, 10% used [0x00000000a0000000,0x00000000a08e7930,0x00000000a5400000)
 Metaspace       used 20768K, capacity 21212K, committed 21248K, reserved 1067008K
  class space    used 2900K, capacity 3042K, committed 3072K, reserved 1048576K
Event: 2.734 GC heap after
Heap after GC invocations=6 (full 1):
 PSYoungGen      total 70656K, used 0K [0x00000000e0000000, 0x00000000e9400000, 0x0000000100000000)
  eden space 65536K, 0% used [0x00000000e0000000,0x00000000e0000000,0x00000000e4000000)
  from space 5120K, 0% used [0x00000000e4000000,0x00000000e4000000,0x00000000e4500000)
  to   space 10240K, 0% used [0x00000000e8a00000,0x00000000e8a00000,0x00000000e9400000)
 ParOldGen       total 57344K, used 7316K [0x00000000a0000000, 0x00000000a3800000, 0x00000000e0000000)
  object space 57344K, 12% used [0x00000000a0000000,0x00000000a07251f8,0x00000000a3800000)
 Metaspace       used 20768K, capacity 21212K, committed 21248K, reserved 1067008K
  class space    used 2900K, capacity 3042K, committed 3072K, reserved 1048576K
}
Event: 3.574 GC heap before
{Heap before GC invocations=7 (full 1):
 PSYoungGen      total 70656K, used 65536K [0x00000000e0000000, 0x00000000e9400000, 0x0000000100000000)
  eden space 65536K, 100% used [0x00000000e0000000,0x00000000e4000000,0x00000000e4000000)
  from space 5120K, 0% used [0x00000000e4000000,0x00000000e4000000,0x00000000e4500000)
  to   space 10240K, 0% used [0x00000000e8a00000,0x00000000e8a00000,0x00000000e9400000)
 ParOldGen       total 57344K, used 7316K [0x00000000a0000000, 0x00000000a3800000, 0x00000000e0000000)
  object space 57344K, 12% used [0x00000000a0000000,0x00000000a07251f8,0x00000000a3800000)
 Metaspace       used 26616K, capacity 27132K, committed 27392K, reserved 1073152K
  class space    used 3673K, capacity 3833K, committed 3840K, reserved 1048576K
Event: 3.583 GC heap after
Heap after GC invocations=7 (full 1):
 PSYoungGen      total 112640K, used 7425K [0x00000000e0000000, 0x00000000e9180000, 0x0000000100000000)
  eden space 104960K, 0% used [0x00000000e0000000,0x00000000e0000000,0x00000000e6680000)
  from space 7680K, 96% used [0x00000000e8a00000,0x00000000e9140580,0x00000000e9180000)
  to   space 10240K, 0% used [0x00000000e7d80000,0x00000000e7d80000,0x00000000e8780000)
 ParOldGen       total 57344K, used 7324K [0x00000000a0000000, 0x00000000a3800000, 0x00000000e0000000)
  object space 57344K, 12% used [0x00000000a0000000,0x00000000a07271f8,0x00000000a3800000)
 Metaspace       used 26616K, capacity 27132K, committed 27392K, reserved 1073152K
  class space    used 3673K, capacity 3833K, committed 3840K, reserved 1048576K
}

Deoptimization events (10 events):
Event: 3.374 Thread 0x000000001b25e800 Uncommon trap: reason=class_check action=maybe_recompile pc=0x00000000037a7d04 method=sun.misc.URLClassPath.getLoader(I)Lsun/misc/URLClassPath$Loader; @ 239
Event: 3.450 Thread 0x000000001b25e800 Uncommon trap: reason=unstable_if action=reinterpret pc=0x000000000385ca8c method=java.io.WinNTFileSystem.resolve(Ljava/lang/String;Ljava/lang/String;)Ljava/lang/String; @ 49
Event: 3.809 Thread 0x000000001b25e800 Uncommon trap: reason=unstable_if action=reinterpret pc=0x000000000386bfa8 method=java.net.URI.match(CJJ)Z @ 45
Event: 3.809 Thread 0x000000001b25e800 Uncommon trap: reason=unstable_if action=reinterpret pc=0x0000000003736308 method=java.net.URI.match(CJJ)Z @ 19
Event: 4.021 Thread 0x000000001d92c000 Uncommon trap: reason=unstable_if action=reinterpret pc=0x0000000003ee186c method=com.esotericsoftware.kryo.io.Output.writeString(Ljava/lang/CharSequence;)V @ 1
Event: 4.155 Thread 0x000000001b25e800 Uncommon trap: reason=unstable_if action=reinterpret pc=0x0000000003f3423c method=java.io.ObjectOutputStream$BlockDataOutputStream.writeBytes(Ljava/lang/String;)V @ 22
Event: 4.173 Thread 0x000000001b25e800 Uncommon trap: reason=class_check action=maybe_recompile pc=0x00000000039b9050 method=org.gradle.internal.logging.text.AbstractLineChoppingStyledTextOutput$StateContext.flushLineText()V @ 110
Event: 4.174 Thread 0x000000001b25e800 Uncommon trap: reason=class_check action=maybe_recompile pc=0x00000000039b9050 method=org.gradle.internal.logging.text.AbstractLineChoppingStyledTextOutput$StateContext.flushLineText()V @ 110
Event: 4.174 Thread 0x000000001b25e800 Uncommon trap: reason=class_check action=maybe_recompile pc=0x00000000039b9050 method=org.gradle.internal.logging.text.AbstractLineChoppingStyledTextOutput$StateContext.flushLineText()V @ 110
Event: 4.174 Thread 0x000000001b25e800 Uncommon trap: reason=class_check action=maybe_recompile pc=0x00000000039b9050 method=org.gradle.internal.logging.text.AbstractLineChoppingStyledTextOutput$StateContext.flushLineText()V @ 110

Classes redefined (0 events):
No events

Internal exceptions (10 events):
Event: 4.021 Thread 0x000000001d92c000 Implicit null exception at 0x0000000003ee15b0 to 0x0000000003ee1859
Event: 4.135 Thread 0x000000001b25e800 Exception <a 'java/lang/ClassNotFoundException': build_da3njl03ienpinol7wlli6i8zBeanInfo> (0x00000000e32f5170) thrown at [D:\src\AOSP-openjdk-cygwin\jdk8u\hotspot\src\share\vm\classfile\systemDictionary.cpp, line 210]
Event: 4.136 Thread 0x000000001b25e800 Exception <a 'java/lang/ClassNotFoundException': build_da3njl03ienpinol7wlli6i8zCustomizer> (0x00000000e32ff5f0) thrown at [D:\src\AOSP-openjdk-cygwin\jdk8u\hotspot\src\share\vm\classfile\systemDictionary.cpp, line 210]
Event: 4.147 Thread 0x000000001b25e800 Exception <a 'java/lang/OutOfMemoryError'> (0x00000000e35402b0) thrown at [D:\src\AOSP-openjdk-cygwin\jdk8u\hotspot\src\share\vm\prims\jni.cpp, line 735]
Event: 4.147 Thread 0x000000001b25e800 Exception <a 'java/lang/OutOfMemoryError'> (0x00000000e35402b0) thrown at [D:\src\AOSP-openjdk-cygwin\jdk8u\hotspot\src\share\vm\prims\jvm.cpp, line 1394]
Event: 4.147 Thread 0x000000001b25e800 Exception <a 'java/lang/OutOfMemoryError'> (0x00000000e35402b0) thrown at [D:\src\AOSP-openjdk-cygwin\jdk8u\hotspot\src\share\vm\prims\jvm.cpp, line 1394]
Event: 4.147 Thread 0x000000001b25e800 Exception <a 'java/lang/OutOfMemoryError'> (0x00000000e35402b0) thrown at [D:\src\AOSP-openjdk-cygwin\jdk8u\hotspot\src\share\vm\prims\jvm.cpp, line 1394]
Event: 4.147 Thread 0x000000001b25e800 Exception <a 'java/lang/OutOfMemoryError'> (0x00000000e35402b0) thrown at [D:\src\AOSP-openjdk-cygwin\jdk8u\hotspot\src\share\vm\prims\jvm.cpp, line 1394]
Event: 4.152 Thread 0x000000001b25e800 Exception <a 'java/lang/NoSuchMethodError': <clinit>> (0x00000000e3614f98) thrown at [D:\src\AOSP-openjdk-cygwin\jdk8u\hotspot\src\share\vm\prims\jni.cpp, line 1613]
Event: 4.154 Thread 0x000000001b25e800 Exception <a 'java/lang/NoSuchMethodError': <clinit>> (0x00000000e362f600) thrown at [D:\src\AOSP-openjdk-cygwin\jdk8u\hotspot\src\share\vm\prims\jni.cpp, line 1613]

Events (10 events):
Event: 4.174 Thread 0x000000001b25e800 Uncommon trap: trap_request=0xffffffde fr.pc=0x00000000039b9050
Event: 4.174 Thread 0x000000001b25e800 DEOPT PACKING pc=0x00000000039b9050 sp=0x000000001c26c570
Event: 4.174 Thread 0x000000001b25e800 DEOPT UNPACKING pc=0x000000000362557b sp=0x000000001c26c4e8 mode 2
Event: 4.174 Thread 0x000000001b25e800 Uncommon trap: trap_request=0xffffffde fr.pc=0x00000000039b9050
Event: 4.174 Thread 0x000000001b25e800 DEOPT PACKING pc=0x00000000039b9050 sp=0x000000001c26c630
Event: 4.174 Thread 0x000000001b25e800 DEOPT UNPACKING pc=0x000000000362557b sp=0x000000001c26c5a8 mode 2
Event: 4.175 loading class org/gradle/internal/buildevents/BuildExceptionReporter$2
Event: 4.175 loading class org/gradle/internal/buildevents/BuildExceptionReporter$2 done
Event: 4.184 Thread 0x000000001b25e800 DEOPT PACKING pc=0x0000000003fad08d sp=0x000000001c26bd50
Event: 4.184 Thread 0x000000001b25e800 DEOPT UNPACKING pc=0x00000000036275d0 sp=0x000000001c26ba90 mode 0


Dynamic libraries:
0x00007ff726a40000 - 0x00007ff726a71000 	E:\Andriod_studio\androidstudio\jre\bin\java.exe
0x00007ffc10bb0000 - 0x00007ffc10d91000 	C:\WINDOWS\SYSTEM32\ntdll.dll
0x00007ffc0e280000 - 0x00007ffc0e332000 	C:\WINDOWS\System32\KERNEL32.DLL
0x00007ffc0d3a0000 - 0x00007ffc0d613000 	C:\WINDOWS\System32\KERNELBASE.dll
0x00007ffc0f360000 - 0x00007ffc0f401000 	C:\WINDOWS\System32\ADVAPI32.dll
0x00007ffc0e8f0000 - 0x00007ffc0e98e000 	C:\WINDOWS\System32\msvcrt.dll
0x00007ffc0e790000 - 0x00007ffc0e7eb000 	C:\WINDOWS\System32\sechost.dll
0x00007ffc0f410000 - 0x00007ffc0f534000 	C:\WINDOWS\System32\RPCRT4.dll
0x00007ffc0e0b0000 - 0x00007ffc0e240000 	C:\WINDOWS\System32\USER32.dll
0x00007ffc0d910000 - 0x00007ffc0d930000 	C:\WINDOWS\System32\win32u.dll
0x00007ffc0e250000 - 0x00007ffc0e278000 	C:\WINDOWS\System32\GDI32.dll
0x00007ffc0d180000 - 0x00007ffc0d312000 	C:\WINDOWS\System32\gdi32full.dll
0x00007ffc0d0e0000 - 0x00007ffc0d17f000 	C:\WINDOWS\System32\msvcp_win.dll
0x00007ffc0d620000 - 0x00007ffc0d71a000 	C:\WINDOWS\System32\ucrtbase.dll
0x00007ffbffc90000 - 0x00007ffbffef9000 	C:\WINDOWS\WinSxS\amd64_microsoft.windows.common-controls_6595b64144ccf1df_6.0.17134.285_none_fb4297e330656775\COMCTL32.dll
0x00007ffc0ec60000 - 0x00007ffc0ef83000 	C:\WINDOWS\System32\combase.dll
0x00007ffc0d320000 - 0x00007ffc0d39a000 	C:\WINDOWS\System32\bcryptPrimitives.dll
0x00007ffc0f540000 - 0x00007ffc0f56d000 	C:\WINDOWS\System32\IMM32.DLL
0x000000006d750000 - 0x000000006d822000 	E:\Andriod_studio\androidstudio\jre\jre\bin\msvcr100.dll
0x000000006c8c0000 - 0x000000006d0ff000 	E:\Andriod_studio\androidstudio\jre\jre\bin\server\jvm.dll
0x00007ffc0e0a0000 - 0x00007ffc0e0a8000 	C:\WINDOWS\System32\PSAPI.DLL
0x00007ffc08a50000 - 0x00007ffc08a5a000 	C:\WINDOWS\SYSTEM32\VERSION.dll
0x00007ffc0b3c0000 - 0x00007ffc0b3e3000 	C:\WINDOWS\SYSTEM32\WINMM.dll
0x00007ffbf6bc0000 - 0x00007ffbf6bc9000 	C:\WINDOWS\SYSTEM32\WSOCK32.dll
0x00007ffc0f570000 - 0x00007ffc0f5dc000 	C:\WINDOWS\System32\WS2_32.dll
0x00007ffc0b390000 - 0x00007ffc0b3ba000 	C:\WINDOWS\SYSTEM32\WINMMBASE.dll
0x00007ffc0cf80000 - 0x00007ffc0cfc9000 	C:\WINDOWS\System32\cfgmgr32.dll
0x00007ffbf6bb0000 - 0x00007ffbf6bbf000 	E:\Andriod_studio\androidstudio\jre\jre\bin\verify.dll
0x00007ffbf6b80000 - 0x00007ffbf6ba9000 	E:\Andriod_studio\androidstudio\jre\jre\bin\java.dll
0x00007ffbf6b60000 - 0x00007ffbf6b76000 	E:\Andriod_studio\androidstudio\jre\jre\bin\zip.dll
0x00007ffc0f740000 - 0x00007ffc10b80000 	C:\WINDOWS\System32\SHELL32.dll
0x00007ffc0ea30000 - 0x00007ffc0ead9000 	C:\WINDOWS\System32\shcore.dll
0x00007ffc0d930000 - 0x00007ffc0e03d000 	C:\WINDOWS\System32\windows.storage.dll
0x00007ffc0e870000 - 0x00007ffc0e8c1000 	C:\WINDOWS\System32\shlwapi.dll
0x00007ffc0cf30000 - 0x00007ffc0cf41000 	C:\WINDOWS\System32\kernel.appcore.dll
0x00007ffc0cf50000 - 0x00007ffc0cf6f000 	C:\WINDOWS\System32\profapi.dll
0x00007ffc0cee0000 - 0x00007ffc0cf2c000 	C:\WINDOWS\System32\powrprof.dll
0x00007ffc0cf70000 - 0x00007ffc0cf7a000 	C:\WINDOWS\System32\FLTLIB.DLL
0x00007ffbf6b40000 - 0x00007ffbf6b5a000 	E:\Andriod_studio\androidstudio\jre\jre\bin\net.dll
0x00007ffc0c6e0000 - 0x00007ffc0c746000 	C:\WINDOWS\system32\mswsock.dll
0x00007ffbf6b20000 - 0x00007ffbf6b31000 	E:\Andriod_studio\androidstudio\jre\jre\bin\nio.dll
0x00007ffc09740000 - 0x00007ffc0975e000 	C:\Users\Yang\.gradle\native\25\windows-amd64\native-platform.dll
0x00007ffc08c40000 - 0x00007ffc08c4d000 	E:\Andriod_studio\androidstudio\jre\jre\bin\management.dll
0x00007ffc0c8a0000 - 0x00007ffc0c8b7000 	C:\WINDOWS\SYSTEM32\CRYPTSP.dll
0x00007ffc0c2c0000 - 0x00007ffc0c2f3000 	C:\WINDOWS\system32\rsaenh.dll
0x00007ffc0c9c0000 - 0x00007ffc0c9e5000 	C:\WINDOWS\SYSTEM32\bcrypt.dll
0x00007ffc0cdc0000 - 0x00007ffc0cde8000 	C:\WINDOWS\SYSTEM32\USERENV.dll
0x00007ffc0c890000 - 0x00007ffc0c89b000 	C:\WINDOWS\SYSTEM32\CRYPTBASE.dll
0x00007ffc0c460000 - 0x00007ffc0c498000 	C:\WINDOWS\SYSTEM32\IPHLPAPI.DLL
0x00007ffc0ef90000 - 0x00007ffc0ef98000 	C:\WINDOWS\System32\NSI.dll
0x00007ffc060a0000 - 0x00007ffc060b6000 	C:\WINDOWS\SYSTEM32\dhcpcsvc6.DLL
0x00007ffc06080000 - 0x00007ffc0609a000 	C:\WINDOWS\SYSTEM32\dhcpcsvc.DLL

VM Arguments:
jvm_args: -Xmx1536m -Dfile.encoding=GBK -Duser.country=CN -Duser.language=zh -Duser.variant 
java_command: org.gradle.launcher.daemon.bootstrap.GradleDaemon 4.4.1
java_class_path (initial): E:\Andriod_studio\gradle-4.4.1\lib\gradle-launcher-4.4.1.jar
Launcher Type: SUN_STANDARD

Environment Variables:
JAVA_HOME=F:\JDK
CLASSPATH=.;F:\JDK\lib;F:\JDK\lib\tools.jar
PATH=C:\Program Files\NVIDIA GPU Computing Toolkit\CUDA\v9.2\bin;C:\Program Files\NVIDIA GPU Computing Toolkit\CUDA\v9.2\libnvvp;C:\Program Files (x86)\Common Files\NetSarang;C:\WINDOWS\system32;C:\WINDOWS;C:\WINDOWS\System32\Wbem;C:\WINDOWS\System32\WindowsPowerShell\v1.0\;F:\JDK\bin;F:\JDK\jre\bin;F:\Spark\scala\bin;F:\Spark\spark\spark-2.3.0-bin-hadoop2.7\bin;F:\Spark\hadoop\hadoop-2.8.3\bin;C:\Program Files (x86)\Microsoft SQL Server\100\Tools\Binn\;C:\Program Files\Microsoft SQL Server\100\Tools\Binn\;C:\Program Files\Microsoft SQL Server\100\DTS\Binn\;C:\Program Files (x86)\Microsoft SQL Server\100\Tools\Binn\VSShell\Common7\IDE\;C:\Program Files (x86)\Microsoft SQL Server\100\DTS\Binn\;C:\Program Files\Microsoft SQL Server\130\Tools\Binn\;F:\Spark\OpenCv\opencv\build\x64\vc14\bin;F:\Spark\OpenCv\opencv\build\x64\vc15\bin;E:\AI_Work\python;E:\AI_Work\Tool;E:\AI_Work\Tool\Scripts;E:\AI_Work\Tool\Library\bin;E:\AI_Work\python\Scripts;C:\WINDOWS\System32\OpenSSH\;C:\Program Files (x86)\NVIDIA Corporation\PhysX\Common;C:\Program Files\dotnet\;F:\PYthon\Scripts\;F:\PYthon\;C:\Users\Yang\AppData\Local\Microsoft\WindowsApps;
USERNAME=Yang
OS=Windows_NT
PROCESSOR_IDENTIFIER=Intel64 Family 6 Model 94 Stepping 3, GenuineIntel



---------------  S Y S T E M  ---------------

OS: Windows 10.0 , 64 bit Build 17134 (10.0.17134.1)

CPU:total 8 (initial active 8) (4 cores per cpu, 2 threads per core) family 6 model 94 stepping 3, cmov, cx8, fxsr, mmx, sse, sse2, sse3, ssse3, sse4.1, sse4.2, popcnt, avx, avx2, aes, clmul, erms, rtm, 3dnowpref, lzcnt, ht, tsc, tscinvbit, bmi1, bmi2, adx

Memory: 4k page, physical 8193528k(2271136k free), swap 8193528k(2916k free)

vm_info: OpenJDK 64-Bit Server VM (25.152-b02) for windows-amd64 JRE (1.8.0_152-release-1024-b02), built by "builder" with MS VC++ 10.0 (VS2010)

time: Thu Sep 27 20:17:35 2018
elapsed time: 4 seconds (0d 0h 0m 4s)

