#
# There is insufficient memory for the Java Runtime Environment to continue.
# Native memory allocation (malloc) failed to allocate 1426000 bytes for Chunk::new
# Possible reasons:
#   The system is out of physical RAM or swap space
#   In 32 bit mode, the process size limit was hit
# Possible solutions:
#   Reduce memory load on the system
#   Increase physical memory or swap space
#   Check if swap backing store is full
#   Use 64 bit Java on a 64 bit OS
#   Decrease Java heap size (-Xmx/-Xms)
#   Decrease number of Java threads
#   Decrease Java thread stack sizes (-Xss)
#   Set larger code cache with -XX:ReservedCodeCacheSize=
# This output file may be truncated or incomplete.
#
#  Out of Memory Error (allocation.cpp:390), pid=8356, tid=0x0000000000002e04
#
# JRE version: OpenJDK Runtime Environment (8.0_152-b02) (build 1.8.0_152-release-1024-b02)
# Java VM: OpenJDK 64-Bit Server VM (25.152-b02 mixed mode windows-amd64 compressed oops)
# Failed to write core dump. Minidumps are not enabled by default on client versions of Windows
#

---------------  T H R E A D  ---------------

Current thread (0x0000000018908000):  JavaThread "C2 CompilerThread2" daemon [_thread_in_native, id=11780, stack(0x00000000191d0000,0x00000000192d0000)]

Stack: [0x00000000191d0000,0x00000000192d0000]
[error occurred during error reporting (printing stack bounds), id 0xc0000005]

Native frames: (J=compiled Java code, j=interpreted, Vv=VM code, C=native code)


Current CompileTask:
C2:   3316 1894   !   4       java.net.URLClassLoader$1::run (63 bytes)


---------------  P R O C E S S  ---------------

Java Threads: ( => current thread )
  0x000000001c45e800 JavaThread "Cache worker for file hash cache (E:\Andriod_studio\workspace\HelloWorld\.gradle\4.4.1\fileHashes)" [_thread_blocked, id=11428, stack(0x000000001cf40000,0x000000001d040000)]
  0x000000001aa74800 JavaThread "File lock request listener" [_thread_in_native, id=3424, stack(0x000000001be70000,0x000000001bf70000)]
  0x000000001aa74000 JavaThread "Cache worker for file hash cache (C:\Users\Yang\.gradle\caches\4.4.1\fileHashes)" [_thread_blocked, id=5180, stack(0x000000001bd70000,0x000000001be70000)]
  0x000000001a985000 JavaThread "Stdin handler" [_thread_blocked, id=11272, stack(0x000000001ba70000,0x000000001bb70000)]
  0x000000001a990800 JavaThread "Asynchronous log dispatcher for DefaultDaemonConnection: socket connection from /127.0.0.1:56101 to /127.0.0.1:56102" [_thread_blocked, id=7548, stack(0x000000001b870000,0x000000001b970000)]
  0x000000001aa1e800 JavaThread "Daemon worker" [_thread_in_vm, id=5100, stack(0x000000001b770000,0x000000001b870000)]
  0x000000001a9ef800 JavaThread "Cancel handler" [_thread_blocked, id=7696, stack(0x000000001b670000,0x000000001b770000)]
  0x000000001a96b800 JavaThread "Handler for socket connection from /127.0.0.1:56101 to /127.0.0.1:56102" [_thread_in_native, id=9484, stack(0x000000001b370000,0x000000001b470000)]
  0x000000001a967000 JavaThread "Daemon" [_thread_blocked, id=10768, stack(0x000000001b270000,0x000000001b370000)]
  0x000000001a774000 JavaThread "Daemon periodic checks" [_thread_blocked, id=12016, stack(0x000000001b170000,0x000000001b270000)]
  0x000000001a708800 JavaThread "Incoming local TCP Connector on port 56101" [_thread_in_native, id=7232, stack(0x000000001afc0000,0x000000001b0c0000)]
  0x000000001699e800 JavaThread "Service Thread" daemon [_thread_blocked, id=11620, stack(0x00000000193d0000,0x00000000194d0000)]
  0x000000001699d000 JavaThread "C1 CompilerThread3" daemon [_thread_blocked, id=5468, stack(0x00000000192d0000,0x00000000193d0000)]
=>0x0000000018908000 JavaThread "C2 CompilerThread2" daemon [_thread_in_native, id=11780, stack(0x00000000191d0000,0x00000000192d0000)]
  0x0000000018906800 JavaThread "C2 CompilerThread1" daemon [_thread_in_native, id=12056, stack(0x00000000190d0000,0x00000000191d0000)]
  0x0000000018902000 JavaThread "C2 CompilerThread0" daemon [_thread_in_native, id=11696, stack(0x0000000018fd0000,0x00000000190d0000)]
  0x00000000188af000 JavaThread "Attach Listener" daemon [_thread_blocked, id=2840, stack(0x0000000018ed0000,0x0000000018fd0000)]
  0x00000000188ae000 JavaThread "Signal Dispatcher" daemon [_thread_blocked, id=10172, stack(0x0000000018dd0000,0x0000000018ed0000)]
  0x0000000016991800 JavaThread "Finalizer" daemon [_thread_blocked, id=3696, stack(0x0000000018c70000,0x0000000018d70000)]
  0x0000000002bc7000 JavaThread "Reference Handler" daemon [_thread_blocked, id=8596, stack(0x0000000018770000,0x0000000018870000)]
  0x0000000002ad2800 JavaThread "main" [_thread_blocked, id=3756, stack(0x00000000029d0000,0x0000000002ad0000)]

Other Threads:
  0x0000000016986800 VMThread [stack: 0x0000000018670000,0x0000000018770000] [id=1148]
  0x00000000189a6800 WatcherThread [stack: 0x00000000194d0000,0x00000000195d0000] [id=6240]

VM state:not at safepoint (normal execution)

VM Mutex/Monitor currently owned by a thread: None

Heap:
 PSYoungGen      total 70656K, used 52468K [0x00000000e0000000, 0x00000000e4a00000, 0x0000000100000000)
  eden space 65536K, 80% used [0x00000000e0000000,0x00000000e333d128,0x00000000e4000000)
  from space 5120K, 0% used [0x00000000e4000000,0x00000000e4000000,0x00000000e4500000)
  to   space 5120K, 0% used [0x00000000e4500000,0x00000000e4500000,0x00000000e4a00000)
 ParOldGen       total 54784K, used 7315K [0x00000000a0000000, 0x00000000a3580000, 0x00000000e0000000)
  object space 54784K, 13% used [0x00000000a0000000,0x00000000a0724f40,0x00000000a3580000)
 Metaspace       used 26072K, capacity 26640K, committed 26880K, reserved 1073152K
  class space    used 3567K, capacity 3733K, committed 3840K, reserved 1048576K

Card table byte_map: [0x0000000011f90000,0x00000000122a0000] byte_map_base: 0x0000000011a90000

Marking Bits: (ParMarkBitMap*) 0x000000006d084970
 Begin Bits: [0x0000000012ca0000, 0x00000000144a0000)
 End Bits:   [0x00000000144a0000, 0x0000000015ca0000)

Polling page: 0x0000000002590000

CodeCache: size=245760Kb used=7911Kb max_used=7929Kb free=237848Kb
 bounds [0x0000000002bd0000, 0x00000000033a0000, 0x0000000011bd0000]
 total_blobs=2712 nmethods=2067 adapters=558
 compilation: enabled

Compilation events (10 events):
Event: 3.281 Thread 0x000000001699d000 2065       3       org.codehaus.groovy.reflection.CachedMethod$MyComparator::compare (43 bytes)
Event: 3.282 Thread 0x000000001699d000 nmethod 2065 0x0000000003388910 code [0x0000000003388b40, 0x0000000003389948]
Event: 3.282 Thread 0x000000001699d000 2068       3       org.codehaus.groovy.reflection.CachedField::getModifiers (8 bytes)
Event: 3.282 Thread 0x000000001699d000 nmethod 2068 0x0000000003389c50 code [0x0000000003389da0, 0x0000000003389f90]
Event: 3.289 Thread 0x000000001699d000 2069       3       org.codehaus.groovy.util.AbstractConcurrentMapBase$Segment::rehashIfThresholdExceeded (16 bytes)
Event: 3.290 Thread 0x000000001699d000 nmethod 2069 0x000000000338a290 code [0x000000000338a400, 0x000000000338a648]
Event: 3.290 Thread 0x000000001699d000 2070       3       org.codehaus.groovy.util.ManagedConcurrentMap$EntryWithValue::<init> (16 bytes)
Event: 3.290 Thread 0x000000001699d000 nmethod 2070 0x000000000338a6d0 code [0x000000000338a860, 0x000000000338abf8]
Event: 3.301 Thread 0x0000000018902000 nmethod 2052 0x000000000338f850 code [0x000000000338fac0, 0x00000000033918c0]
Event: 3.301 Thread 0x0000000018902000 2053  s!   4       sun.misc.URLClassPath::getLoader (243 bytes)

GC Heap History (10 events):
Event: 1.694 GC heap before
{Heap before GC invocations=2 (full 0):
 PSYoungGen      total 37888K, used 37586K [0x00000000e0000000, 0x00000000e4a00000, 0x0000000100000000)
  eden space 32768K, 100% used [0x00000000e0000000,0x00000000e2000000,0x00000000e2000000)
  from space 5120K, 94% used [0x00000000e2000000,0x00000000e24b4b40,0x00000000e2500000)
  to   space 5120K, 0% used [0x00000000e4500000,0x00000000e4500000,0x00000000e4a00000)
 ParOldGen       total 86016K, used 8K [0x00000000a0000000, 0x00000000a5400000, 0x00000000e0000000)
  object space 86016K, 0% used [0x00000000a0000000,0x00000000a0002000,0x00000000a5400000)
 Metaspace       used 12247K, capacity 12702K, committed 12800K, reserved 1060864K
  class space    used 1629K, capacity 1773K, committed 1792K, reserved 1048576K
Event: 1.700 GC heap after
Heap after GC invocations=2 (full 0):
 PSYoungGen      total 37888K, used 5114K [0x00000000e0000000, 0x00000000e4a00000, 0x0000000100000000)
  eden space 32768K, 0% used [0x00000000e0000000,0x00000000e0000000,0x00000000e2000000)
  from space 5120K, 99% used [0x00000000e4500000,0x00000000e49fea80,0x00000000e4a00000)
  to   space 5120K, 0% used [0x00000000e2000000,0x00000000e2000000,0x00000000e2500000)
 ParOldGen       total 86016K, used 1232K [0x00000000a0000000, 0x00000000a5400000, 0x00000000e0000000)
  object space 86016K, 1% used [0x00000000a0000000,0x00000000a0134260,0x00000000a5400000)
 Metaspace       used 12247K, capacity 12702K, committed 12800K, reserved 1060864K
  class space    used 1629K, capacity 1773K, committed 1792K, reserved 1048576K
}
Event: 1.997 GC heap before
{Heap before GC invocations=3 (full 0):
 PSYoungGen      total 37888K, used 37882K [0x00000000e0000000, 0x00000000e4a00000, 0x0000000100000000)
  eden space 32768K, 100% used [0x00000000e0000000,0x00000000e2000000,0x00000000e2000000)
  from space 5120K, 99% used [0x00000000e4500000,0x00000000e49fea80,0x00000000e4a00000)
  to   space 5120K, 0% used [0x00000000e2000000,0x00000000e2000000,0x00000000e2500000)
 ParOldGen       total 86016K, used 1232K [0x00000000a0000000, 0x00000000a5400000, 0x00000000e0000000)
  object space 86016K, 1% used [0x00000000a0000000,0x00000000a0134260,0x00000000a5400000)
 Metaspace       used 15022K, capacity 15394K, committed 15616K, reserved 1062912K
  class space    used 2111K, capacity 2223K, committed 2304K, reserved 1048576K
Event: 2.007 GC heap after
Heap after GC invocations=3 (full 0):
 PSYoungGen      total 37888K, used 5096K [0x00000000e0000000, 0x00000000e4a00000, 0x0000000100000000)
  eden space 32768K, 0% used [0x00000000e0000000,0x00000000e0000000,0x00000000e2000000)
  from space 5120K, 99% used [0x00000000e2000000,0x00000000e24fa060,0x00000000e2500000)
  to   space 5120K, 0% used [0x00000000e4500000,0x00000000e4500000,0x00000000e4a00000)
 ParOldGen       total 86016K, used 4026K [0x00000000a0000000, 0x00000000a5400000, 0x00000000e0000000)
  object space 86016K, 4% used [0x00000000a0000000,0x00000000a03eebc0,0x00000000a5400000)
 Metaspace       used 15022K, capacity 15394K, committed 15616K, reserved 1062912K
  class space    used 2111K, capacity 2223K, committed 2304K, reserved 1048576K
}
Event: 2.508 GC heap before
{Heap before GC invocations=4 (full 0):
 PSYoungGen      total 37888K, used 37864K [0x00000000e0000000, 0x00000000e4a00000, 0x0000000100000000)
  eden space 32768K, 100% used [0x00000000e0000000,0x00000000e2000000,0x00000000e2000000)
  from space 5120K, 99% used [0x00000000e2000000,0x00000000e24fa060,0x00000000e2500000)
  to   space 5120K, 0% used [0x00000000e4500000,0x00000000e4500000,0x00000000e4a00000)
 ParOldGen       total 86016K, used 4026K [0x00000000a0000000, 0x00000000a5400000, 0x00000000e0000000)
  object space 86016K, 4% used [0x00000000a0000000,0x00000000a03eebc0,0x00000000a5400000)
 Metaspace       used 18600K, capacity 19036K, committed 19200K, reserved 1064960K
  class space    used 2670K, capacity 2786K, committed 2816K, reserved 1048576K
Event: 2.520 GC heap after
Heap after GC invocations=4 (full 0):
 PSYoungGen      total 70656K, used 5096K [0x00000000e0000000, 0x00000000e4a00000, 0x0000000100000000)
  eden space 65536K, 0% used [0x00000000e0000000,0x00000000e0000000,0x00000000e4000000)
  from space 5120K, 99% used [0x00000000e4500000,0x00000000e49fa050,0x00000000e4a00000)
  to   space 5120K, 0% used [0x00000000e4000000,0x00000000e4000000,0x00000000e4500000)
 ParOldGen       total 86016K, used 8231K [0x00000000a0000000, 0x00000000a5400000, 0x00000000e0000000)
  object space 86016K, 9% used [0x00000000a0000000,0x00000000a0809f68,0x00000000a5400000)
 Metaspace       used 18600K, capacity 19036K, committed 19200K, reserved 1064960K
  class space    used 2670K, capacity 2786K, committed 2816K, reserved 1048576K
}
Event: 2.614 GC heap before
{Heap before GC invocations=5 (full 0):
 PSYoungGen      total 70656K, used 11591K [0x00000000e0000000, 0x00000000e4a00000, 0x0000000100000000)
  eden space 65536K, 9% used [0x00000000e0000000,0x00000000e0657c40,0x00000000e4000000)
  from space 5120K, 99% used [0x00000000e4500000,0x00000000e49fa050,0x00000000e4a00000)
  to   space 5120K, 0% used [0x00000000e4000000,0x00000000e4000000,0x00000000e4500000)
 ParOldGen       total 86016K, used 8231K [0x00000000a0000000, 0x00000000a5400000, 0x00000000e0000000)
  object space 86016K, 9% used [0x00000000a0000000,0x00000000a0809f68,0x00000000a5400000)
 Metaspace       used 20769K, capacity 21212K, committed 21248K, reserved 1067008K
  class space    used 2897K, capacity 3042K, committed 3072K, reserved 1048576K
Event: 2.628 GC heap after
Heap after GC invocations=5 (full 0):
 PSYoungGen      total 70656K, used 5112K [0x00000000e0000000, 0x00000000e4a00000, 0x0000000100000000)
  eden space 65536K, 0% used [0x00000000e0000000,0x00000000e0000000,0x00000000e4000000)
  from space 5120K, 99% used [0x00000000e4000000,0x00000000e44fe060,0x00000000e4500000)
  to   space 5120K, 0% used [0x00000000e4500000,0x00000000e4500000,0x00000000e4a00000)
 ParOldGen       total 86016K, used 9274K [0x00000000a0000000, 0x00000000a5400000, 0x00000000e0000000)
  object space 86016K, 10% used [0x00000000a0000000,0x00000000a090ea68,0x00000000a5400000)
 Metaspace       used 20769K, capacity 21212K, committed 21248K, reserved 1067008K
  class space    used 2897K, capacity 3042K, committed 3072K, reserved 1048576K
}
Event: 2.628 GC heap before
{Heap before GC invocations=6 (full 1):
 PSYoungGen      total 70656K, used 5112K [0x00000000e0000000, 0x00000000e4a00000, 0x0000000100000000)
  eden space 65536K, 0% used [0x00000000e0000000,0x00000000e0000000,0x00000000e4000000)
  from space 5120K, 99% used [0x00000000e4000000,0x00000000e44fe060,0x00000000e4500000)
  to   space 5120K, 0% used [0x00000000e4500000,0x00000000e4500000,0x00000000e4a00000)
 ParOldGen       total 86016K, used 9274K [0x00000000a0000000, 0x00000000a5400000, 0x00000000e0000000)
  object space 86016K, 10% used [0x00000000a0000000,0x00000000a090ea68,0x00000000a5400000)
 Metaspace       used 20769K, capacity 21212K, committed 21248K, reserved 1067008K
  class space    used 2897K, capacity 3042K, committed 3072K, reserved 1048576K
Event: 2.678 GC heap after
Heap after GC invocations=6 (full 1):
 PSYoungGen      total 70656K, used 0K [0x00000000e0000000, 0x00000000e4a00000, 0x0000000100000000)
  eden space 65536K, 0% used [0x00000000e0000000,0x00000000e0000000,0x00000000e4000000)
  from space 5120K, 0% used [0x00000000e4000000,0x00000000e4000000,0x00000000e4500000)
  to   space 5120K, 0% used [0x00000000e4500000,0x00000000e4500000,0x00000000e4a00000)
 ParOldGen       total 54784K, used 7315K [0x00000000a0000000, 0x00000000a3580000, 0x00000000e0000000)
  object space 54784K, 13% used [0x00000000a0000000,0x00000000a0724f40,0x00000000a3580000)
 Metaspace       used 20769K, capacity 21212K, committed 21248K, reserved 1067008K
  class space    used 2897K, capacity 3042K, committed 3072K, reserved 1048576K
}

Deoptimization events (10 events):
Event: 2.937 Thread 0x000000001aa1e800 Uncommon trap: reason=unstable_if action=reinterpret pc=0x0000000002e29c28 method=java.util.HashMap.hash(Ljava/lang/Object;)I @ 1
Event: 2.997 Thread 0x000000001aa1e800 Uncommon trap: reason=unstable_if action=reinterpret pc=0x0000000002fc99c4 method=java.util.HashMap.getNode(ILjava/lang/Object;)Ljava/util/HashMap$Node; @ 53
Event: 2.997 Thread 0x000000001aa1e800 Uncommon trap: reason=unstable_if action=reinterpret pc=0x0000000003017064 method=java.util.HashMap.hash(Ljava/lang/Object;)I @ 1
Event: 3.033 Thread 0x000000001aa1e800 Uncommon trap: reason=class_check action=maybe_recompile pc=0x000000000313dd40 method=java.lang.reflect.Method.equals(Ljava/lang/Object;)Z @ 5
Event: 3.036 Thread 0x000000001aa1e800 Uncommon trap: reason=class_check action=maybe_recompile pc=0x000000000313dd40 method=java.lang.reflect.Method.equals(Ljava/lang/Object;)Z @ 5
Event: 3.100 Thread 0x000000001aa1e800 Uncommon trap: reason=unstable_if action=reinterpret pc=0x0000000002fbb0b0 method=java.util.LinkedHashMap.afterNodeInsertion(Z)V @ 1
Event: 3.120 Thread 0x000000001aa1e800 Uncommon trap: reason=class_check action=maybe_recompile pc=0x000000000313dd40 method=java.lang.reflect.Method.equals(Ljava/lang/Object;)Z @ 5
Event: 3.120 Thread 0x000000001aa1e800 Uncommon trap: reason=class_check action=maybe_recompile pc=0x000000000313dd40 method=java.lang.reflect.Method.equals(Ljava/lang/Object;)Z @ 5
Event: 3.254 Thread 0x000000001aa1e800 Uncommon trap: reason=class_check action=maybe_recompile pc=0x0000000002d9cd58 method=sun.misc.URLClassPath.getLoader(I)Lsun/misc/URLClassPath$Loader; @ 94
Event: 3.258 Thread 0x000000001aa1e800 Uncommon trap: reason=class_check action=maybe_recompile pc=0x0000000002d96c44 method=sun.misc.URLClassPath.getLoader(I)Lsun/misc/URLClassPath$Loader; @ 239

Classes redefined (0 events):
No events

Internal exceptions (10 events):
Event: 2.937 Thread 0x000000001aa1e800 Implicit null exception at 0x0000000002e29baf to 0x0000000002e29c19
Event: 2.997 Thread 0x000000001aa1e800 Implicit null exception at 0x0000000003016bdb to 0x0000000003017051
Event: 3.258 Thread 0x000000001aa1e800 Exception <a 'java/lang/ClassNotFoundException': build_da3njl03ienpinol7wlli6i8zBeanInfo> (0x00000000e2f7c5e8) thrown at [D:\src\AOSP-openjdk-cygwin\jdk8u\hotspot\src\share\vm\classfile\systemDictionary.cpp, line 210]
Event: 3.259 Thread 0x000000001aa1e800 Exception <a 'java/lang/ClassNotFoundException': org/gradle/api/internal/project/ProjectScriptBeanInfo> (0x00000000e2f8fb78) thrown at [D:\src\AOSP-openjdk-cygwin\jdk8u\hotspot\src\share\vm\classfile\systemDictionary.cpp, line 210]
Event: 3.259 Thread 0x000000001aa1e800 Exception <a 'java/lang/ClassNotFoundException': org/gradle/api/internal/project/ProjectScriptCustomizer> (0x00000000e2fa3790) thrown at [D:\src\AOSP-openjdk-cygwin\jdk8u\hotspot\src\share\vm\classfile\systemDictionary.cpp, line 210]
Event: 3.262 Thread 0x000000001aa1e800 Exception <a 'java/lang/ClassNotFoundException': build_da3njl03ienpinol7wlli6i8zCustomizer> (0x00000000e2fc26b8) thrown at [D:\src\AOSP-openjdk-cygwin\jdk8u\hotspot\src\share\vm\classfile\systemDictionary.cpp, line 210]
Event: 3.268 Thread 0x000000001aa1e800 Exception <a 'java/lang/ClassNotFoundException': groovy/lang/Closure$1BeanInfo> (0x00000000e30b78f8) thrown at [D:\src\AOSP-openjdk-cygwin\jdk8u\hotspot\src\share\vm\classfile\systemDictionary.cpp, line 210]
Event: 3.269 Thread 0x000000001aa1e800 Exception <a 'java/lang/ClassNotFoundException': groovy/lang/ClosureBeanInfo> (0x00000000e30d0a20) thrown at [D:\src\AOSP-openjdk-cygwin\jdk8u\hotspot\src\share\vm\classfile\systemDictionary.cpp, line 210]
Event: 3.270 Thread 0x000000001aa1e800 Exception <a 'java/lang/ClassNotFoundException': groovy/lang/ClosureCustomizer> (0x00000000e30ea320) thrown at [D:\src\AOSP-openjdk-cygwin\jdk8u\hotspot\src\share\vm\classfile\systemDictionary.cpp, line 210]
Event: 3.274 Thread 0x000000001aa1e800 Exception <a 'java/lang/ClassNotFoundException': groovy/lang/Closure$1Customizer> (0x00000000e312adc0) thrown at [D:\src\AOSP-openjdk-cygwin\jdk8u\hotspot\src\share\vm\classfile\systemDictionary.cpp, line 210]

Events (10 events):
Event: 3.310 loading class org/codehaus/groovy/classgen/GeneratorContext
Event: 3.310 loading class org/codehaus/groovy/classgen/GeneratorContext done
Event: 3.311 loading class org/codehaus/groovy/reflection/CachedClass$5$1
Event: 3.311 loading class org/codehaus/groovy/reflection/CachedClass$5$1 done
Event: 3.311 loading class org/codehaus/groovy/runtime/callsite/CallSiteClassLoader
Event: 3.311 loading class org/codehaus/groovy/runtime/callsite/CallSiteClassLoader done
Event: 3.311 loading class org/codehaus/groovy/reflection/ClassLoaderForClassArtifacts
Event: 3.311 loading class org/codehaus/groovy/reflection/ClassLoaderForClassArtifacts done
Event: 3.313 loading class groovyjarjarasm/asm/Edge
Event: 3.313 loading class groovyjarjarasm/asm/Edge done


Dynamic libraries:
0x00007ff726a40000 - 0x00007ff726a71000 	E:\Andriod_studio\androidstudio\jre\bin\java.exe
0x00007ffc10bb0000 - 0x00007ffc10d91000 	C:\WINDOWS\SYSTEM32\ntdll.dll
0x00007ffc0e280000 - 0x00007ffc0e332000 	C:\WINDOWS\System32\KERNEL32.DLL
0x00007ffc0d3a0000 - 0x00007ffc0d613000 	C:\WINDOWS\System32\KERNELBASE.dll
0x00007ffc0f360000 - 0x00007ffc0f401000 	C:\WINDOWS\System32\ADVAPI32.dll
0x00007ffc0e8f0000 - 0x00007ffc0e98e000 	C:\WINDOWS\System32\msvcrt.dll
0x00007ffc0e790000 - 0x00007ffc0e7eb000 	C:\WINDOWS\System32\sechost.dll
0x00007ffc0f410000 - 0x00007ffc0f534000 	C:\WINDOWS\System32\RPCRT4.dll
0x00007ffc0e0b0000 - 0x00007ffc0e240000 	C:\WINDOWS\System32\USER32.dll
0x00007ffc0d910000 - 0x00007ffc0d930000 	C:\WINDOWS\System32\win32u.dll
0x00007ffc0e250000 - 0x00007ffc0e278000 	C:\WINDOWS\System32\GDI32.dll
0x00007ffc0d180000 - 0x00007ffc0d312000 	C:\WINDOWS\System32\gdi32full.dll
0x00007ffc0d0e0000 - 0x00007ffc0d17f000 	C:\WINDOWS\System32\msvcp_win.dll
0x00007ffc0d620000 - 0x00007ffc0d71a000 	C:\WINDOWS\System32\ucrtbase.dll
0x00007ffbffc90000 - 0x00007ffbffef9000 	C:\WINDOWS\WinSxS\amd64_microsoft.windows.common-controls_6595b64144ccf1df_6.0.17134.285_none_fb4297e330656775\COMCTL32.dll
0x00007ffc0ec60000 - 0x00007ffc0ef83000 	C:\WINDOWS\System32\combase.dll
0x00007ffc0d320000 - 0x00007ffc0d39a000 	C:\WINDOWS\System32\bcryptPrimitives.dll
0x00007ffc0f540000 - 0x00007ffc0f56d000 	C:\WINDOWS\System32\IMM32.DLL
0x000000006d750000 - 0x000000006d822000 	E:\Andriod_studio\androidstudio\jre\jre\bin\msvcr100.dll
0x000000006c8c0000 - 0x000000006d0ff000 	E:\Andriod_studio\androidstudio\jre\jre\bin\server\jvm.dll
0x00007ffc0e0a0000 - 0x00007ffc0e0a8000 	C:\WINDOWS\System32\PSAPI.DLL
0x00007ffbf6bc0000 - 0x00007ffbf6bc9000 	C:\WINDOWS\SYSTEM32\WSOCK32.dll
0x00007ffc08a50000 - 0x00007ffc08a5a000 	C:\WINDOWS\SYSTEM32\VERSION.dll
0x00007ffc0f570000 - 0x00007ffc0f5dc000 	C:\WINDOWS\System32\WS2_32.dll
0x00007ffc0b3c0000 - 0x00007ffc0b3e3000 	C:\WINDOWS\SYSTEM32\WINMM.dll
0x00007ffc0b390000 - 0x00007ffc0b3ba000 	C:\WINDOWS\SYSTEM32\winmmbase.dll
0x00007ffc0cf80000 - 0x00007ffc0cfc9000 	C:\WINDOWS\System32\cfgmgr32.dll
0x00007ffbf6bb0000 - 0x00007ffbf6bbf000 	E:\Andriod_studio\androidstudio\jre\jre\bin\verify.dll
0x00007ffbf6b80000 - 0x00007ffbf6ba9000 	E:\Andriod_studio\androidstudio\jre\jre\bin\java.dll
0x00007ffbf6b60000 - 0x00007ffbf6b76000 	E:\Andriod_studio\androidstudio\jre\jre\bin\zip.dll
0x00007ffc0f740000 - 0x00007ffc10b80000 	C:\WINDOWS\System32\SHELL32.dll
0x00007ffc0ea30000 - 0x00007ffc0ead9000 	C:\WINDOWS\System32\shcore.dll
0x00007ffc0d930000 - 0x00007ffc0e03d000 	C:\WINDOWS\System32\windows.storage.dll
0x00007ffc0e870000 - 0x00007ffc0e8c1000 	C:\WINDOWS\System32\shlwapi.dll
0x00007ffc0cf30000 - 0x00007ffc0cf41000 	C:\WINDOWS\System32\kernel.appcore.dll
0x00007ffc0cf50000 - 0x00007ffc0cf6f000 	C:\WINDOWS\System32\profapi.dll
0x00007ffc0cee0000 - 0x00007ffc0cf2c000 	C:\WINDOWS\System32\powrprof.dll
0x00007ffc0cf70000 - 0x00007ffc0cf7a000 	C:\WINDOWS\System32\FLTLIB.DLL
0x00007ffbf6b40000 - 0x00007ffbf6b5a000 	E:\Andriod_studio\androidstudio\jre\jre\bin\net.dll
0x00007ffc0c6e0000 - 0x00007ffc0c746000 	C:\WINDOWS\system32\mswsock.dll
0x00007ffbf6b20000 - 0x00007ffbf6b31000 	E:\Andriod_studio\androidstudio\jre\jre\bin\nio.dll
0x00007ffc09740000 - 0x00007ffc0975e000 	C:\Users\Yang\.gradle\native\25\windows-amd64\native-platform.dll
0x00007ffc08c40000 - 0x00007ffc08c4d000 	E:\Andriod_studio\androidstudio\jre\jre\bin\management.dll
0x00007ffc0c8a0000 - 0x00007ffc0c8b7000 	C:\WINDOWS\SYSTEM32\CRYPTSP.dll
0x00007ffc0c2c0000 - 0x00007ffc0c2f3000 	C:\WINDOWS\system32\rsaenh.dll
0x00007ffc0c9c0000 - 0x00007ffc0c9e5000 	C:\WINDOWS\SYSTEM32\bcrypt.dll
0x00007ffc0cdc0000 - 0x00007ffc0cde8000 	C:\WINDOWS\SYSTEM32\USERENV.dll
0x00007ffc0c890000 - 0x00007ffc0c89b000 	C:\WINDOWS\SYSTEM32\CRYPTBASE.dll
0x00007ffc0c460000 - 0x00007ffc0c498000 	C:\WINDOWS\SYSTEM32\IPHLPAPI.DLL
0x00007ffc0ef90000 - 0x00007ffc0ef98000 	C:\WINDOWS\System32\NSI.dll
0x00007ffc060a0000 - 0x00007ffc060b6000 	C:\WINDOWS\SYSTEM32\dhcpcsvc6.DLL
0x00007ffc06080000 - 0x00007ffc0609a000 	C:\WINDOWS\SYSTEM32\dhcpcsvc.DLL

VM Arguments:
jvm_args: -Xmx1536m -Dfile.encoding=GBK -Duser.country=CN -Duser.language=zh -Duser.variant 
java_command: org.gradle.launcher.daemon.bootstrap.GradleDaemon 4.4.1
java_class_path (initial): E:\Andriod_studio\gradle-4.4.1\lib\gradle-launcher-4.4.1.jar
Launcher Type: SUN_STANDARD

Environment Variables:
JAVA_HOME=F:\JDK
CLASSPATH=.;F:\JDK\lib;F:\JDK\lib\tools.jar
PATH=C:\Program Files\NVIDIA GPU Computing Toolkit\CUDA\v9.2\bin;C:\Program Files\NVIDIA GPU Computing Toolkit\CUDA\v9.2\libnvvp;C:\Program Files (x86)\Common Files\NetSarang;C:\WINDOWS\system32;C:\WINDOWS;C:\WINDOWS\System32\Wbem;C:\WINDOWS\System32\WindowsPowerShell\v1.0\;F:\JDK\bin;F:\JDK\jre\bin;F:\Spark\scala\bin;F:\Spark\spark\spark-2.3.0-bin-hadoop2.7\bin;F:\Spark\hadoop\hadoop-2.8.3\bin;C:\Program Files (x86)\Microsoft SQL Server\100\Tools\Binn\;C:\Program Files\Microsoft SQL Server\100\Tools\Binn\;C:\Program Files\Microsoft SQL Server\100\DTS\Binn\;C:\Program Files (x86)\Microsoft SQL Server\100\Tools\Binn\VSShell\Common7\IDE\;C:\Program Files (x86)\Microsoft SQL Server\100\DTS\Binn\;C:\Program Files\Microsoft SQL Server\130\Tools\Binn\;F:\Spark\OpenCv\opencv\build\x64\vc14\bin;F:\Spark\OpenCv\opencv\build\x64\vc15\bin;E:\AI_Work\python;E:\AI_Work\Tool;E:\AI_Work\Tool\Scripts;E:\AI_Work\Tool\Library\bin;E:\AI_Work\python\Scripts;C:\WINDOWS\System32\OpenSSH\;C:\Program Files (x86)\NVIDIA Corporation\PhysX\Common;C:\Program Files\dotnet\;F:\PYthon\Scripts\;F:\PYthon\;C:\Users\Yang\AppData\Local\Microsoft\WindowsApps;
USERNAME=Yang
OS=Windows_NT
PROCESSOR_IDENTIFIER=Intel64 Family 6 Model 94 Stepping 3, GenuineIntel



---------------  S Y S T E M  ---------------

OS: Windows 10.0 , 64 bit Build 17134 (10.0.17134.1)

CPU:total 8 (initial active 8) (4 cores per cpu, 2 threads per core) family 6 model 94 stepping 3, cmov, cx8, fxsr, mmx, sse, sse2, sse3, ssse3, sse4.1, sse4.2, popcnt, avx, avx2, aes, clmul, erms, rtm, 3dnowpref, lzcnt, ht, tsc, tscinvbit, bmi1, bmi2, adx

Memory: 4k page, physical 8193528k(2015356k free), swap 8193528k(6248k free)

vm_info: OpenJDK 64-Bit Server VM (25.152-b02) for windows-amd64 JRE (1.8.0_152-release-1024-b02), built by "builder" with MS VC++ 10.0 (VS2010)

time: Thu Sep 27 20:18:18 2018
elapsed time: 3 seconds (0d 0h 0m 3s)

